<?xml version="1.0" encoding="UTF-8"?>
<!-- Generated by org.testng.reporters.JUnitReportReporter -->
<testsuite skipped="0" hostname="RuposreeDas-PC" name="org.practiceset1.testb.script.TestFbLogin" tests="1" failures="0" timestamp="20 Aug 2018 17:57:39 GMT" time="180.347" errors="0">
  <testcase name="mainScreen" time="180.347" classname="org.practiceset1.testb.script.TestFbLogin"/>
</testsuite> <!-- org.practiceset1.testb.script.TestFbLogin -->
